2023-09-05 15:47:43,462 INFO c.z.z.Application [JavaFX Application Thread] Приложение запускается
2023-09-05 15:47:44,134 INFO c.z.z.c.MainController [JavaFX Application Thread] Открыть окно <Домашняя>
2023-09-05 15:47:44,593 INFO c.z.z.c.MainController [Thread-3] Файл C:\Users\ishevelev\IntelliJProjects\ZentecConfigurator\settings\main_parameters.json (Найден и загружен)
2023-09-05 15:47:44,597 INFO c.z.z.c.MainController [Thread-3] Файл C:\Users\ishevelev\IntelliJProjects\ZentecConfigurator\settings\alarms_list.json (Найден и загружен)
2023-09-05 15:47:44,622 INFO c.z.z.c.MainController [Thread-3] Файл C:\Users\ishevelev\IntelliJProjects\ZentecConfigurator\settings\actuators_attributes.json (Найден и загружен)
2023-09-05 15:47:44,634 INFO c.z.z.c.MainController [Thread-3] Файл C:\Users\ishevelev\IntelliJProjects\ZentecConfigurator\settings\sensors_attributes.json (Найден и загружен)
2023-09-05 15:47:44,674 INFO c.z.z.c.MainController [Thread-3] Файл C:\Users\ishevelev\IntelliJProjects\ZentecConfigurator\settings\schemes.json (Найден и загружен)
2023-09-05 15:47:44,684 INFO c.z.z.c.MainController [Thread-3] Файл C:\Users\ishevelev\IntelliJProjects\ZentecConfigurator\settings\z031_parameters.json (Найден и загружен)
2023-09-05 15:47:44,878 INFO c.z.z.Application [JavaFX Application Thread] Приложение запущено
2023-09-05 15:48:05,371 INFO c.z.z.c.SettingsController [JavaFX Application Thread] Открыто окно <Настройки>
2023-09-05 15:48:05,374 INFO c.z.z.c.MainController [JavaFX Application Thread] Открыть окно <Настройки>
2023-09-05 15:48:15,010 INFO c.z.z.c.MainController [JavaFX Application Thread] Открыть окно <Домашняя>
2023-09-05 15:48:22,858 INFO c.z.z.c.MainController [JavaFX Application Thread] Открыть окно <Настройки>
2023-09-05 15:48:23,555 INFO c.z.z.c.MainController [JavaFX Application Thread] Открыть окно <Настройки>
2023-09-05 15:48:25,491 INFO c.z.z.c.MainController [JavaFX Application Thread] Открыть окно <Домашняя>
2023-09-05 15:48:32,312 INFO c.z.z.c.Z031Controller [JavaFX Application Thread] Запись параметров из пульта
2023-09-05 15:48:32,319 INFO c.z.z.c.HomePageController [JavaFX Application Thread] Открыть окно <ПУ Z031>
2023-09-05 15:48:44,763 INFO c.z.z.c.MainController [JavaFX Application Thread] Открыть окно <Домашняя>
2023-09-05 15:48:50,908 INFO c.z.z.Application [JavaFX Application Thread] Приложение закрыто
2023-09-05 15:51:18,096 INFO c.z.z.Application [JavaFX Application Thread] Приложение запускается
2023-09-05 15:51:18,597 INFO c.z.z.c.MainController [JavaFX Application Thread] Открыть окно <Домашняя>
2023-09-05 15:51:18,947 INFO c.z.z.c.MainController [Thread-3] Файл C:\Users\ishevelev\IntelliJProjects\ZentecConfigurator\settings\main_parameters.json (Найден и загружен)
2023-09-05 15:51:18,951 INFO c.z.z.c.MainController [Thread-3] Файл C:\Users\ishevelev\IntelliJProjects\ZentecConfigurator\settings\alarms_list.json (Найден и загружен)
2023-09-05 15:51:18,968 INFO c.z.z.c.MainController [Thread-3] Файл C:\Users\ishevelev\IntelliJProjects\ZentecConfigurator\settings\actuators_attributes.json (Найден и загружен)
2023-09-05 15:51:19,029 INFO c.z.z.c.MainController [Thread-3] Файл C:\Users\ishevelev\IntelliJProjects\ZentecConfigurator\settings\sensors_attributes.json (Найден и загружен)
2023-09-05 15:51:19,072 INFO c.z.z.c.MainController [Thread-3] Файл C:\Users\ishevelev\IntelliJProjects\ZentecConfigurator\settings\schemes.json (Найден и загружен)
2023-09-05 15:51:19,083 INFO c.z.z.c.MainController [Thread-3] Файл C:\Users\ishevelev\IntelliJProjects\ZentecConfigurator\settings\z031_parameters.json (Найден и загружен)
2023-09-05 15:51:19,281 INFO c.z.z.Application [JavaFX Application Thread] Приложение запущено
2023-09-05 15:51:19,703 INFO c.z.z.c.HomePageController [JavaFX Application Thread] Открыть окно <Конфигуратор>
2023-09-05 15:51:20,350 INFO c.z.z.c.ConfiguratorController [JavaFX Application Thread] Открыть окно <Выбор схемы>
2023-09-05 15:51:20,352 INFO c.z.z.c.c.ChangeSchemeController [JavaFX Application Thread] Выбрана схема 0 / (V)E
2023-09-05 15:51:20,389 INFO c.z.z.c.c.ChangeSchemeController [Thread-4] Создание наполнения
2023-09-05 15:54:12,987 INFO c.z.z.Application [JavaFX Application Thread] Приложение запускается
2023-09-05 15:54:13,536 INFO c.z.z.c.MainController [JavaFX Application Thread] Открыть окно <Домашняя>
2023-09-05 15:54:13,845 INFO c.z.z.c.MainController [Thread-3] Файл C:\Users\ishevelev\IntelliJProjects\ZentecConfigurator\settings\main_parameters.json (Найден и загружен)
2023-09-05 15:54:13,848 INFO c.z.z.c.MainController [Thread-3] Файл C:\Users\ishevelev\IntelliJProjects\ZentecConfigurator\settings\alarms_list.json (Найден и загружен)
2023-09-05 15:54:13,878 INFO c.z.z.c.MainController [Thread-3] Файл C:\Users\ishevelev\IntelliJProjects\ZentecConfigurator\settings\actuators_attributes.json (Найден и загружен)
2023-09-05 15:54:13,919 INFO c.z.z.c.MainController [Thread-3] Файл C:\Users\ishevelev\IntelliJProjects\ZentecConfigurator\settings\sensors_attributes.json (Найден и загружен)
2023-09-05 15:54:13,965 INFO c.z.z.c.MainController [Thread-3] Файл C:\Users\ishevelev\IntelliJProjects\ZentecConfigurator\settings\schemes.json (Найден и загружен)
2023-09-05 15:54:13,974 INFO c.z.z.c.MainController [Thread-3] Файл C:\Users\ishevelev\IntelliJProjects\ZentecConfigurator\settings\z031_parameters.json (Найден и загружен)
2023-09-05 15:54:14,156 INFO c.z.z.Application [JavaFX Application Thread] Приложение запущено
2023-09-05 15:54:15,348 INFO c.z.z.c.HomePageController [JavaFX Application Thread] Открыть окно <Конфигуратор>
2023-09-05 15:54:18,161 INFO c.z.z.c.ConfiguratorController [JavaFX Application Thread] Открыть окно <Датчики>
2023-09-05 15:54:19,572 INFO c.z.z.c.ConfiguratorController [JavaFX Application Thread] Открыть окно <Испонительные устройства>
2023-09-05 15:54:20,288 INFO c.z.z.c.ConfiguratorController [JavaFX Application Thread] Открыть окно <Выбор схемы>
2023-09-05 15:54:20,290 INFO c.z.z.c.c.ChangeSchemeController [JavaFX Application Thread] Выбрана схема 0 / (V)E
2023-09-05 15:54:20,291 INFO c.z.z.c.c.ChangeSchemeController [Thread-4] Создание наполнения
2023-09-05 16:01:12,057 INFO c.z.z.Application [JavaFX Application Thread] Приложение запускается
2023-09-05 16:01:12,628 INFO c.z.z.c.MainController [JavaFX Application Thread] Открыть окно <Домашняя>
2023-09-05 16:01:12,946 INFO c.z.z.c.MainController [Thread-3] Файл C:\Users\ishevelev\IntelliJProjects\ZentecConfigurator\settings\main_parameters.json (Найден и загружен)
2023-09-05 16:01:12,950 INFO c.z.z.c.MainController [Thread-3] Файл C:\Users\ishevelev\IntelliJProjects\ZentecConfigurator\settings\alarms_list.json (Найден и загружен)
2023-09-05 16:01:12,968 INFO c.z.z.c.MainController [Thread-3] Файл C:\Users\ishevelev\IntelliJProjects\ZentecConfigurator\settings\actuators_attributes.json (Найден и загружен)
2023-09-05 16:01:12,994 INFO c.z.z.c.MainController [Thread-3] Файл C:\Users\ishevelev\IntelliJProjects\ZentecConfigurator\settings\sensors_attributes.json (Найден и загружен)
2023-09-05 16:01:13,064 INFO c.z.z.c.MainController [Thread-3] Файл C:\Users\ishevelev\IntelliJProjects\ZentecConfigurator\settings\schemes.json (Найден и загружен)
2023-09-05 16:01:13,102 INFO c.z.z.c.MainController [Thread-3] Файл C:\Users\ishevelev\IntelliJProjects\ZentecConfigurator\settings\z031_parameters.json (Найден и загружен)
2023-09-05 16:01:13,245 INFO c.z.z.Application [JavaFX Application Thread] Приложение запущено
2023-09-05 16:01:14,881 ERROR c.z.z.c.HomePageController [JavaFX Application Thread] [Ljava.lang.StackTraceElement;@37b113c6
2023-09-05 16:05:56,875 INFO c.z.z.Application [JavaFX Application Thread] Приложение запускается
2023-09-05 16:05:57,345 INFO c.z.z.c.MainController [JavaFX Application Thread] Открыть окно <Домашняя>
2023-09-05 16:05:57,659 INFO c.z.z.c.MainController [Thread-3] Файл C:\Users\ishevelev\IntelliJProjects\ZentecConfigurator\settings\main_parameters.json (Найден и загружен)
2023-09-05 16:05:57,663 INFO c.z.z.c.MainController [Thread-3] Файл C:\Users\ishevelev\IntelliJProjects\ZentecConfigurator\settings\alarms_list.json (Найден и загружен)
2023-09-05 16:05:57,727 INFO c.z.z.c.MainController [Thread-3] Файл C:\Users\ishevelev\IntelliJProjects\ZentecConfigurator\settings\actuators_attributes.json (Найден и загружен)
2023-09-05 16:05:57,750 INFO c.z.z.c.MainController [Thread-3] Файл C:\Users\ishevelev\IntelliJProjects\ZentecConfigurator\settings\sensors_attributes.json (Найден и загружен)
2023-09-05 16:05:57,785 INFO c.z.z.c.MainController [Thread-3] Файл C:\Users\ishevelev\IntelliJProjects\ZentecConfigurator\settings\schemes.json (Найден и загружен)
2023-09-05 16:05:57,795 INFO c.z.z.c.MainController [Thread-3] Файл C:\Users\ishevelev\IntelliJProjects\ZentecConfigurator\settings\z031_parameters.json (Найден и загружен)
2023-09-05 16:05:58,023 INFO c.z.z.Application [JavaFX Application Thread] Приложение запущено
2023-09-05 16:05:58,957 INFO c.z.z.c.HomePageController [JavaFX Application Thread] Открыть окно <Конфигуратор>
2023-09-05 16:06:51,436 INFO c.z.z.Application [JavaFX Application Thread] Приложение запускается
2023-09-05 16:06:51,903 INFO c.z.z.c.MainController [JavaFX Application Thread] Открыть окно <Домашняя>
2023-09-05 16:06:52,260 INFO c.z.z.c.MainController [Thread-3] Файл C:\Users\ishevelev\IntelliJProjects\ZentecConfigurator\settings\main_parameters.json (Найден и загружен)
2023-09-05 16:06:52,263 INFO c.z.z.c.MainController [Thread-3] Файл C:\Users\ishevelev\IntelliJProjects\ZentecConfigurator\settings\alarms_list.json (Найден и загружен)
2023-09-05 16:06:52,278 INFO c.z.z.c.MainController [Thread-3] Файл C:\Users\ishevelev\IntelliJProjects\ZentecConfigurator\settings\actuators_attributes.json (Найден и загружен)
2023-09-05 16:06:52,288 INFO c.z.z.c.MainController [Thread-3] Файл C:\Users\ishevelev\IntelliJProjects\ZentecConfigurator\settings\sensors_attributes.json (Найден и загружен)
2023-09-05 16:06:52,334 INFO c.z.z.c.MainController [Thread-3] Файл C:\Users\ishevelev\IntelliJProjects\ZentecConfigurator\settings\schemes.json (Найден и загружен)
2023-09-05 16:06:52,345 INFO c.z.z.c.MainController [Thread-3] Файл C:\Users\ishevelev\IntelliJProjects\ZentecConfigurator\settings\z031_parameters.json (Найден и загружен)
2023-09-05 16:06:52,521 INFO c.z.z.Application [JavaFX Application Thread] Приложение запущено
2023-09-05 16:06:54,177 ERROR c.z.z.c.HomePageController [JavaFX Application Thread] [Ljava.lang.StackTraceElement;@219c514e
2023-09-05 16:07:09,935 INFO c.z.z.Application [JavaFX Application Thread] Приложение запускается
2023-09-05 16:07:10,422 INFO c.z.z.c.MainController [JavaFX Application Thread] Открыть окно <Домашняя>
2023-09-05 16:07:11,174 INFO c.z.z.c.MainController [Thread-3] Файл C:\Users\ishevelev\IntelliJProjects\ZentecConfigurator\settings\main_parameters.json (Найден и загружен)
2023-09-05 16:07:11,181 INFO c.z.z.c.MainController [Thread-3] Файл C:\Users\ishevelev\IntelliJProjects\ZentecConfigurator\settings\alarms_list.json (Найден и загружен)
2023-09-05 16:07:11,215 INFO c.z.z.c.MainController [Thread-3] Файл C:\Users\ishevelev\IntelliJProjects\ZentecConfigurator\settings\actuators_attributes.json (Найден и загружен)
2023-09-05 16:07:11,288 INFO c.z.z.c.MainController [Thread-3] Файл C:\Users\ishevelev\IntelliJProjects\ZentecConfigurator\settings\sensors_attributes.json (Найден и загружен)
2023-09-05 16:07:11,490 INFO c.z.z.c.MainController [Thread-3] Файл C:\Users\ishevelev\IntelliJProjects\ZentecConfigurator\settings\schemes.json (Найден и загружен)
2023-09-05 16:07:11,508 INFO c.z.z.c.MainController [Thread-3] Файл C:\Users\ishevelev\IntelliJProjects\ZentecConfigurator\settings\z031_parameters.json (Найден и загружен)
2023-09-05 16:07:11,607 INFO c.z.z.Application [JavaFX Application Thread] Приложение запущено
2023-09-05 16:07:14,012 INFO c.z.z.Application [JavaFX Application Thread] Приложение закрыто
2023-09-05 16:16:37,964 INFO c.z.z.Application [JavaFX Application Thread] Приложение запускается
2023-09-05 16:16:38,445 INFO c.z.z.c.MainController [JavaFX Application Thread] Открыть окно <Домашняя>
2023-09-05 16:16:38,805 INFO c.z.z.c.MainController [Thread-3] Файл C:\Users\ishevelev\IntelliJProjects\ZentecConfigurator\settings\main_parameters.json (Найден и загружен)
2023-09-05 16:16:38,808 INFO c.z.z.c.MainController [Thread-3] Файл C:\Users\ishevelev\IntelliJProjects\ZentecConfigurator\settings\alarms_list.json (Найден и загружен)
2023-09-05 16:16:38,824 INFO c.z.z.c.MainController [Thread-3] Файл C:\Users\ishevelev\IntelliJProjects\ZentecConfigurator\settings\actuators_attributes.json (Найден и загружен)
2023-09-05 16:16:38,857 INFO c.z.z.c.MainController [Thread-3] Файл C:\Users\ishevelev\IntelliJProjects\ZentecConfigurator\settings\sensors_attributes.json (Найден и загружен)
2023-09-05 16:16:38,892 INFO c.z.z.c.MainController [Thread-3] Файл C:\Users\ishevelev\IntelliJProjects\ZentecConfigurator\settings\schemes.json (Найден и загружен)
2023-09-05 16:16:38,903 INFO c.z.z.c.MainController [Thread-3] Файл C:\Users\ishevelev\IntelliJProjects\ZentecConfigurator\settings\z031_parameters.json (Найден и загружен)
2023-09-05 16:16:39,177 INFO c.z.z.Application [JavaFX Application Thread] Приложение запущено
2023-09-05 16:16:40,255 INFO c.z.z.c.HomePageController [JavaFX Application Thread] Открыть окно <Конфигуратор>
2023-09-05 16:16:44,494 INFO c.z.z.c.ConfiguratorController [JavaFX Application Thread] Открыть окно <Датчики>
2023-09-05 16:16:46,783 INFO c.z.z.Application [JavaFX Application Thread] Приложение закрыто
2023-09-05 16:17:36,707 INFO c.z.z.Application [JavaFX Application Thread] Приложение запускается
2023-09-05 16:17:37,183 INFO c.z.z.c.MainController [JavaFX Application Thread] Открыть окно <Домашняя>
2023-09-05 16:17:37,488 INFO c.z.z.c.MainController [Thread-3] Файл C:\Users\ishevelev\IntelliJProjects\ZentecConfigurator\settings\main_parameters.json (Найден и загружен)
2023-09-05 16:17:37,491 INFO c.z.z.c.MainController [Thread-3] Файл C:\Users\ishevelev\IntelliJProjects\ZentecConfigurator\settings\alarms_list.json (Найден и загружен)
2023-09-05 16:17:37,506 INFO c.z.z.c.MainController [Thread-3] Файл C:\Users\ishevelev\IntelliJProjects\ZentecConfigurator\settings\actuators_attributes.json (Найден и загружен)
2023-09-05 16:17:37,516 INFO c.z.z.c.MainController [Thread-3] Файл C:\Users\ishevelev\IntelliJProjects\ZentecConfigurator\settings\sensors_attributes.json (Найден и загружен)
2023-09-05 16:17:37,570 INFO c.z.z.c.MainController [Thread-3] Файл C:\Users\ishevelev\IntelliJProjects\ZentecConfigurator\settings\schemes.json (Найден и загружен)
2023-09-05 16:17:37,580 INFO c.z.z.c.MainController [Thread-3] Файл C:\Users\ishevelev\IntelliJProjects\ZentecConfigurator\settings\z031_parameters.json (Найден и загружен)
2023-09-05 16:17:37,828 INFO c.z.z.Application [JavaFX Application Thread] Приложение запущено
2023-09-05 16:17:38,615 INFO c.z.z.c.HomePageController [JavaFX Application Thread] Открыть окно <Конфигуратор>
2023-09-05 16:17:40,436 INFO c.z.z.Application [JavaFX Application Thread] Приложение закрыто
2023-09-05 16:17:54,906 INFO c.z.z.Application [JavaFX Application Thread] Приложение запускается
2023-09-05 16:17:55,402 INFO c.z.z.c.MainController [JavaFX Application Thread] Открыть окно <Домашняя>
2023-09-05 16:17:55,698 INFO c.z.z.c.MainController [Thread-3] Файл C:\Users\ishevelev\IntelliJProjects\ZentecConfigurator\settings\main_parameters.json (Найден и загружен)
2023-09-05 16:17:55,701 INFO c.z.z.c.MainController [Thread-3] Файл C:\Users\ishevelev\IntelliJProjects\ZentecConfigurator\settings\alarms_list.json (Найден и загружен)
2023-09-05 16:17:55,719 INFO c.z.z.c.MainController [Thread-3] Файл C:\Users\ishevelev\IntelliJProjects\ZentecConfigurator\settings\actuators_attributes.json (Найден и загружен)
2023-09-05 16:17:55,737 INFO c.z.z.c.MainController [Thread-3] Файл C:\Users\ishevelev\IntelliJProjects\ZentecConfigurator\settings\sensors_attributes.json (Найден и загружен)
2023-09-05 16:17:55,810 INFO c.z.z.c.MainController [Thread-3] Файл C:\Users\ishevelev\IntelliJProjects\ZentecConfigurator\settings\schemes.json (Найден и загружен)
2023-09-05 16:17:55,822 INFO c.z.z.c.MainController [Thread-3] Файл C:\Users\ishevelev\IntelliJProjects\ZentecConfigurator\settings\z031_parameters.json (Найден и загружен)
2023-09-05 16:17:55,975 INFO c.z.z.Application [JavaFX Application Thread] Приложение запущено
2023-09-05 16:17:56,920 INFO c.z.z.c.HomePageController [JavaFX Application Thread] Открыть окно <Конфигуратор>
2023-09-05 16:18:06,544 INFO c.z.z.Application [JavaFX Application Thread] Приложение закрыто
2023-09-05 16:18:21,388 INFO c.z.z.Application [JavaFX Application Thread] Приложение запускается
2023-09-05 16:18:21,842 INFO c.z.z.c.MainController [JavaFX Application Thread] Открыть окно <Домашняя>
2023-09-05 16:18:22,245 INFO c.z.z.c.MainController [Thread-3] Файл C:\Users\ishevelev\IntelliJProjects\ZentecConfigurator\settings\main_parameters.json (Найден и загружен)
2023-09-05 16:18:22,249 INFO c.z.z.c.MainController [Thread-3] Файл C:\Users\ishevelev\IntelliJProjects\ZentecConfigurator\settings\alarms_list.json (Найден и загружен)
2023-09-05 16:18:22,312 INFO c.z.z.c.MainController [Thread-3] Файл C:\Users\ishevelev\IntelliJProjects\ZentecConfigurator\settings\actuators_attributes.json (Найден и загружен)
2023-09-05 16:18:22,325 INFO c.z.z.c.MainController [Thread-3] Файл C:\Users\ishevelev\IntelliJProjects\ZentecConfigurator\settings\sensors_attributes.json (Найден и загружен)
2023-09-05 16:18:22,389 INFO c.z.z.c.MainController [Thread-3] Файл C:\Users\ishevelev\IntelliJProjects\ZentecConfigurator\settings\schemes.json (Найден и загружен)
2023-09-05 16:18:22,400 INFO c.z.z.c.MainController [Thread-3] Файл C:\Users\ishevelev\IntelliJProjects\ZentecConfigurator\settings\z031_parameters.json (Найден и загружен)
2023-09-05 16:18:22,569 INFO c.z.z.Application [JavaFX Application Thread] Приложение запущено
2023-09-05 16:18:23,119 INFO c.z.z.c.HomePageController [JavaFX Application Thread] Открыть окно <Конфигуратор>
2023-09-05 16:18:27,339 INFO c.z.z.c.ConfiguratorController [JavaFX Application Thread] Открыть окно <Выбор схемы>
2023-09-05 16:18:27,341 INFO c.z.z.c.c.ChangeSchemeController [JavaFX Application Thread] Выбрана схема 0 / (V)E
2023-09-05 16:18:27,343 INFO c.z.z.c.c.ChangeSchemeController [Thread-4] Создание наполнения
2023-09-05 16:18:30,171 INFO c.z.z.c.c.ChangeSchemeController [Thread-5] Создание наполнения
2023-09-05 16:19:15,329 INFO c.z.z.c.ConfiguratorController [JavaFX Application Thread] Открыть окно <Испонительные устройства>
2023-09-05 16:19:15,333 INFO c.z.z.c.c.ActuatorsController [Thread-6] Создание наполнения
2023-09-05 16:21:29,474 INFO c.z.z.Application [JavaFX Application Thread] Приложение запускается
2023-09-05 16:21:29,916 INFO c.z.z.c.MainController [JavaFX Application Thread] Открыть окно <Домашняя>
2023-09-05 16:21:30,209 INFO c.z.z.c.MainController [Thread-3] Файл C:\Users\ishevelev\IntelliJProjects\ZentecConfigurator\settings\main_parameters.json (Найден и загружен)
2023-09-05 16:21:30,212 INFO c.z.z.c.MainController [Thread-3] Файл C:\Users\ishevelev\IntelliJProjects\ZentecConfigurator\settings\alarms_list.json (Найден и загружен)
2023-09-05 16:21:30,229 INFO c.z.z.c.MainController [Thread-3] Файл C:\Users\ishevelev\IntelliJProjects\ZentecConfigurator\settings\actuators_attributes.json (Найден и загружен)
2023-09-05 16:21:30,242 INFO c.z.z.c.MainController [Thread-3] Файл C:\Users\ishevelev\IntelliJProjects\ZentecConfigurator\settings\sensors_attributes.json (Найден и загружен)
2023-09-05 16:21:30,317 INFO c.z.z.c.MainController [Thread-3] Файл C:\Users\ishevelev\IntelliJProjects\ZentecConfigurator\settings\schemes.json (Найден и загружен)
2023-09-05 16:21:30,333 INFO c.z.z.c.MainController [Thread-3] Файл C:\Users\ishevelev\IntelliJProjects\ZentecConfigurator\settings\z031_parameters.json (Найден и загружен)
2023-09-05 16:21:30,463 INFO c.z.z.Application [JavaFX Application Thread] Приложение запущено
2023-09-05 16:21:31,402 INFO c.z.z.c.HomePageController [JavaFX Application Thread] Открыть окно <Конфигуратор>
2023-09-05 16:21:33,032 INFO c.z.z.c.ConfiguratorController [JavaFX Application Thread] Открыть окно <Выбор схемы>
2023-09-05 16:21:33,034 INFO c.z.z.c.c.ChangeSchemeController [JavaFX Application Thread] Выбрана схема 0 / (V)E
2023-09-05 16:21:33,036 INFO c.z.z.c.c.ChangeSchemeController [Thread-4] Создание наполнения
2023-09-05 16:21:35,508 INFO c.z.z.c.c.ChangeSchemeController [Thread-5] Создание наполнения
2023-09-05 16:22:13,518 INFO c.z.z.Application [JavaFX Application Thread] Приложение запускается
2023-09-05 16:22:13,985 INFO c.z.z.c.MainController [JavaFX Application Thread] Открыть окно <Домашняя>
2023-09-05 16:22:14,296 INFO c.z.z.c.MainController [Thread-3] Файл C:\Users\ishevelev\IntelliJProjects\ZentecConfigurator\settings\main_parameters.json (Найден и загружен)
2023-09-05 16:22:14,302 INFO c.z.z.c.MainController [Thread-3] Файл C:\Users\ishevelev\IntelliJProjects\ZentecConfigurator\settings\alarms_list.json (Найден и загружен)
2023-09-05 16:22:14,325 INFO c.z.z.c.MainController [Thread-3] Файл C:\Users\ishevelev\IntelliJProjects\ZentecConfigurator\settings\actuators_attributes.json (Найден и загружен)
2023-09-05 16:22:14,362 INFO c.z.z.c.MainController [Thread-3] Файл C:\Users\ishevelev\IntelliJProjects\ZentecConfigurator\settings\sensors_attributes.json (Найден и загружен)
2023-09-05 16:22:14,413 INFO c.z.z.c.MainController [Thread-3] Файл C:\Users\ishevelev\IntelliJProjects\ZentecConfigurator\settings\schemes.json (Найден и загружен)
2023-09-05 16:22:14,423 INFO c.z.z.c.MainController [Thread-3] Файл C:\Users\ishevelev\IntelliJProjects\ZentecConfigurator\settings\z031_parameters.json (Найден и загружен)
2023-09-05 16:22:14,576 INFO c.z.z.Application [JavaFX Application Thread] Приложение запущено
2023-09-05 16:22:15,744 INFO c.z.z.c.HomePageController [JavaFX Application Thread] Открыть окно <Конфигуратор>
2023-09-05 16:22:19,735 INFO c.z.z.c.ConfiguratorController [JavaFX Application Thread] Открыть окно <Выбор схемы>
2023-09-05 16:22:19,737 INFO c.z.z.c.c.ChangeSchemeController [JavaFX Application Thread] Выбрана схема 0 / (V)E
2023-09-05 16:22:19,741 INFO c.z.z.c.c.ChangeSchemeController [Thread-4] Создание наполнения
2023-09-05 16:22:24,044 INFO c.z.z.c.c.ChangeSchemeController [Thread-5] Создание наполнения
2023-09-05 16:23:32,545 INFO c.z.z.Application [JavaFX Application Thread] Приложение запускается
2023-09-05 16:23:33,271 INFO c.z.z.c.MainController [JavaFX Application Thread] Открыть окно <Домашняя>
2023-09-05 16:23:33,626 INFO c.z.z.c.MainController [Thread-3] Файл C:\Users\ishevelev\IntelliJProjects\ZentecConfigurator\settings\main_parameters.json (Найден и загружен)
2023-09-05 16:23:33,632 INFO c.z.z.c.MainController [Thread-3] Файл C:\Users\ishevelev\IntelliJProjects\ZentecConfigurator\settings\alarms_list.json (Найден и загружен)
2023-09-05 16:23:33,650 INFO c.z.z.c.MainController [Thread-3] Файл C:\Users\ishevelev\IntelliJProjects\ZentecConfigurator\settings\actuators_attributes.json (Найден и загружен)
2023-09-05 16:23:33,664 INFO c.z.z.c.MainController [Thread-3] Файл C:\Users\ishevelev\IntelliJProjects\ZentecConfigurator\settings\sensors_attributes.json (Найден и загружен)
2023-09-05 16:23:33,707 INFO c.z.z.c.MainController [Thread-3] Файл C:\Users\ishevelev\IntelliJProjects\ZentecConfigurator\settings\schemes.json (Найден и загружен)
2023-09-05 16:23:33,757 INFO c.z.z.c.MainController [Thread-3] Файл C:\Users\ishevelev\IntelliJProjects\ZentecConfigurator\settings\z031_parameters.json (Найден и загружен)
2023-09-05 16:23:33,844 INFO c.z.z.Application [JavaFX Application Thread] Приложение запущено
2023-09-05 16:23:34,468 INFO c.z.z.c.HomePageController [JavaFX Application Thread] Открыть окно <Конфигуратор>
2023-09-05 16:23:35,399 INFO c.z.z.c.ConfiguratorController [JavaFX Application Thread] Открыть окно <Выбор схемы>
2023-09-05 16:23:35,401 INFO c.z.z.c.c.ChangeSchemeController [JavaFX Application Thread] Выбрана схема 0 / (V)E
2023-09-05 16:23:35,405 INFO c.z.z.c.c.ChangeSchemeController [Thread-4] Создание наполнения
2023-09-05 16:23:36,888 INFO c.z.z.c.c.ChangeSchemeController [Thread-5] Создание наполнения
2023-09-05 16:34:26,395 INFO c.z.z.Application [JavaFX Application Thread] Приложение запускается
2023-09-05 16:34:26,963 INFO c.z.z.c.MainController [JavaFX Application Thread] Открыть окно <Домашняя>
2023-09-05 16:34:27,346 INFO c.z.z.c.MainController [Thread-3] Файл C:\Users\ishevelev\IntelliJProjects\ZentecConfigurator\settings\main_parameters.json (Найден и загружен)
2023-09-05 16:34:27,353 INFO c.z.z.c.MainController [Thread-3] Файл C:\Users\ishevelev\IntelliJProjects\ZentecConfigurator\settings\alarms_list.json (Найден и загружен)
2023-09-05 16:34:27,372 INFO c.z.z.c.MainController [Thread-3] Файл C:\Users\ishevelev\IntelliJProjects\ZentecConfigurator\settings\actuators_attributes.json (Найден и загружен)
2023-09-05 16:34:27,386 INFO c.z.z.c.MainController [Thread-3] Файл C:\Users\ishevelev\IntelliJProjects\ZentecConfigurator\settings\sensors_attributes.json (Найден и загружен)
2023-09-05 16:34:27,457 INFO c.z.z.c.MainController [Thread-3] Файл C:\Users\ishevelev\IntelliJProjects\ZentecConfigurator\settings\schemes.json (Найден и загружен)
2023-09-05 16:34:27,467 INFO c.z.z.c.MainController [Thread-3] Файл C:\Users\ishevelev\IntelliJProjects\ZentecConfigurator\settings\z031_parameters.json (Найден и загружен)
2023-09-05 16:34:27,680 INFO c.z.z.Application [JavaFX Application Thread] Приложение запущено
2023-09-05 16:34:29,207 INFO c.z.z.c.HomePageController [JavaFX Application Thread] Открыть окно <Конфигуратор>
2023-09-05 16:34:30,410 INFO c.z.z.c.ConfiguratorController [JavaFX Application Thread] Открыть окно <Выбор схемы>
2023-09-05 16:34:30,412 INFO c.z.z.c.c.ChangeSchemeController [JavaFX Application Thread] Выбрана схема 0 / (V)E
2023-09-05 16:34:30,413 INFO c.z.z.c.c.ChangeSchemeController [Thread-4] Создание наполнения
2023-09-05 16:42:24,034 INFO c.z.z.Application [JavaFX Application Thread] Приложение запускается
2023-09-05 16:42:24,476 INFO c.z.z.c.MainController [JavaFX Application Thread] Открыть окно <Домашняя>
2023-09-05 16:42:24,789 INFO c.z.z.c.MainController [Thread-3] Файл C:\Users\ishevelev\IntelliJProjects\ZentecConfigurator\settings\main_parameters.json (Найден и загружен)
2023-09-05 16:42:24,797 INFO c.z.z.c.MainController [Thread-3] Файл C:\Users\ishevelev\IntelliJProjects\ZentecConfigurator\settings\alarms_list.json (Найден и загружен)
2023-09-05 16:42:24,820 INFO c.z.z.c.MainController [Thread-3] Файл C:\Users\ishevelev\IntelliJProjects\ZentecConfigurator\settings\actuators_attributes.json (Найден и загружен)
2023-09-05 16:42:24,832 INFO c.z.z.c.MainController [Thread-3] Файл C:\Users\ishevelev\IntelliJProjects\ZentecConfigurator\settings\sensors_attributes.json (Найден и загружен)
2023-09-05 16:42:24,875 INFO c.z.z.c.MainController [Thread-3] Файл C:\Users\ishevelev\IntelliJProjects\ZentecConfigurator\settings\schemes.json (Найден и загружен)
2023-09-05 16:42:24,886 INFO c.z.z.c.MainController [Thread-3] Файл C:\Users\ishevelev\IntelliJProjects\ZentecConfigurator\settings\z031_parameters.json (Найден и загружен)
2023-09-05 16:42:25,055 INFO c.z.z.Application [JavaFX Application Thread] Приложение запущено
2023-09-05 16:42:25,724 ERROR c.z.z.c.HomePageController [JavaFX Application Thread] [Ljava.lang.StackTraceElement;@ab2967a
2023-09-05 16:43:18,861 INFO c.z.z.Application [JavaFX Application Thread] Приложение запускается
2023-09-05 16:43:19,381 INFO c.z.z.c.MainController [JavaFX Application Thread] Открыть окно <Домашняя>
2023-09-05 16:43:19,713 INFO c.z.z.c.MainController [Thread-3] Файл C:\Users\ishevelev\IntelliJProjects\ZentecConfigurator\settings\main_parameters.json (Найден и загружен)
2023-09-05 16:43:19,719 INFO c.z.z.c.MainController [Thread-3] Файл C:\Users\ishevelev\IntelliJProjects\ZentecConfigurator\settings\alarms_list.json (Найден и загружен)
2023-09-05 16:43:19,736 INFO c.z.z.c.MainController [Thread-3] Файл C:\Users\ishevelev\IntelliJProjects\ZentecConfigurator\settings\actuators_attributes.json (Найден и загружен)
2023-09-05 16:43:19,747 INFO c.z.z.c.MainController [Thread-3] Файл C:\Users\ishevelev\IntelliJProjects\ZentecConfigurator\settings\sensors_attributes.json (Найден и загружен)
2023-09-05 16:43:19,811 INFO c.z.z.c.MainController [Thread-3] Файл C:\Users\ishevelev\IntelliJProjects\ZentecConfigurator\settings\schemes.json (Найден и загружен)
2023-09-05 16:43:19,821 INFO c.z.z.c.MainController [Thread-3] Файл C:\Users\ishevelev\IntelliJProjects\ZentecConfigurator\settings\z031_parameters.json (Найден и загружен)
2023-09-05 16:43:20,026 INFO c.z.z.Application [JavaFX Application Thread] Приложение запущено
2023-09-05 16:43:21,402 ERROR c.z.z.c.HomePageController [JavaFX Application Thread] [Ljava.lang.StackTraceElement;@2651b9b5
2023-09-05 16:43:24,474 INFO c.z.z.Application [JavaFX Application Thread] Приложение закрыто
2023-09-05 16:55:22,690 INFO c.z.z.Application [JavaFX Application Thread] Приложение запускается
2023-09-05 16:55:23,212 INFO c.z.z.c.MainController [JavaFX Application Thread] Открыть окно <Домашняя>
2023-09-05 16:55:23,535 INFO c.z.z.c.MainController [Thread-3] Файл C:\Users\ishevelev\IntelliJProjects\ZentecConfigurator\settings\main_parameters.json (Найден и загружен)
2023-09-05 16:55:23,539 INFO c.z.z.c.MainController [Thread-3] Файл C:\Users\ishevelev\IntelliJProjects\ZentecConfigurator\settings\alarms_list.json (Найден и загружен)
2023-09-05 16:55:23,556 INFO c.z.z.c.MainController [Thread-3] Файл C:\Users\ishevelev\IntelliJProjects\ZentecConfigurator\settings\actuators_attributes.json (Найден и загружен)
2023-09-05 16:55:23,595 INFO c.z.z.c.MainController [Thread-3] Файл C:\Users\ishevelev\IntelliJProjects\ZentecConfigurator\settings\sensors_attributes.json (Найден и загружен)
2023-09-05 16:55:23,633 INFO c.z.z.c.MainController [Thread-3] Файл C:\Users\ishevelev\IntelliJProjects\ZentecConfigurator\settings\schemes.json (Найден и загружен)
2023-09-05 16:55:23,651 INFO c.z.z.c.MainController [Thread-3] Файл C:\Users\ishevelev\IntelliJProjects\ZentecConfigurator\settings\z031_parameters.json (Найден и загружен)
2023-09-05 16:55:23,841 INFO c.z.z.Application [JavaFX Application Thread] Приложение запущено
2023-09-05 16:55:24,381 INFO c.z.z.c.HomePageController [JavaFX Application Thread] Открыть окно <Конфигуратор>
2023-09-05 16:55:40,588 INFO c.z.z.Application [JavaFX Application Thread] Приложение запускается
2023-09-05 16:55:41,029 INFO c.z.z.c.MainController [JavaFX Application Thread] Открыть окно <Домашняя>
2023-09-05 16:55:41,316 INFO c.z.z.c.MainController [Thread-3] Файл C:\Users\ishevelev\IntelliJProjects\ZentecConfigurator\settings\main_parameters.json (Найден и загружен)
2023-09-05 16:55:41,320 INFO c.z.z.c.MainController [Thread-3] Файл C:\Users\ishevelev\IntelliJProjects\ZentecConfigurator\settings\alarms_list.json (Найден и загружен)
2023-09-05 16:55:41,371 INFO c.z.z.c.MainController [Thread-3] Файл C:\Users\ishevelev\IntelliJProjects\ZentecConfigurator\settings\actuators_attributes.json (Найден и загружен)
2023-09-05 16:55:41,390 INFO c.z.z.c.MainController [Thread-3] Файл C:\Users\ishevelev\IntelliJProjects\ZentecConfigurator\settings\sensors_attributes.json (Найден и загружен)
2023-09-05 16:55:41,435 INFO c.z.z.c.MainController [Thread-3] Файл C:\Users\ishevelev\IntelliJProjects\ZentecConfigurator\settings\schemes.json (Найден и загружен)
2023-09-05 16:55:41,445 INFO c.z.z.c.MainController [Thread-3] Файл C:\Users\ishevelev\IntelliJProjects\ZentecConfigurator\settings\z031_parameters.json (Найден и загружен)
2023-09-05 16:55:41,595 INFO c.z.z.Application [JavaFX Application Thread] Приложение запущено
2023-09-05 16:55:42,186 INFO c.z.z.c.HomePageController [JavaFX Application Thread] Открыть окно <Конфигуратор>
2023-09-05 16:55:43,441 INFO c.z.z.c.ConfiguratorController [JavaFX Application Thread] Открыть окно <Выбор схемы>
2023-09-05 16:55:43,442 INFO c.z.z.c.c.ChangeSchemeController [JavaFX Application Thread] Выбрана схема 0 / (V)E
2023-09-05 16:55:43,444 INFO c.z.z.c.c.ChangeSchemeController [Thread-4] Создание наполнения
2023-09-05 16:55:45,354 INFO c.z.z.c.c.ChangeSchemeController [Thread-5] Создание наполнения
2023-09-05 16:55:49,848 INFO c.z.z.c.ConfiguratorController [JavaFX Application Thread] Открыть окно <Испонительные устройства>
2023-09-05 16:55:49,850 INFO c.z.z.c.c.ActuatorsController [Thread-6] Создание наполнения
2023-09-05 16:55:51,207 INFO c.z.z.c.ConfiguratorController [JavaFX Application Thread] Открыть окно <Выбор схемы>
2023-09-05 16:55:51,210 INFO c.z.z.c.c.ChangeSchemeController [JavaFX Application Thread] Выбрана схема 0 / (V)E
2023-09-05 16:55:51,211 INFO c.z.z.c.c.ChangeSchemeController [Thread-7] Создание наполнения
2023-09-05 16:55:51,212 INFO c.z.z.c.c.ChangeSchemeController [Thread-8] Создание наполнения
2023-09-05 16:55:53,096 INFO c.z.z.Application [JavaFX Application Thread] Приложение закрыто
2023-09-05 16:57:48,236 INFO c.z.z.Application [JavaFX Application Thread] Приложение запускается
2023-09-05 16:57:48,714 INFO c.z.z.c.MainController [JavaFX Application Thread] Открыть окно <Домашняя>
2023-09-05 16:57:49,061 INFO c.z.z.c.MainController [Thread-3] Файл C:\Users\ishevelev\IntelliJProjects\ZentecConfigurator\settings\main_parameters.json (Найден и загружен)
2023-09-05 16:57:49,064 INFO c.z.z.c.MainController [Thread-3] Файл C:\Users\ishevelev\IntelliJProjects\ZentecConfigurator\settings\alarms_list.json (Найден и загружен)
2023-09-05 16:57:49,116 INFO c.z.z.c.MainController [Thread-3] Файл C:\Users\ishevelev\IntelliJProjects\ZentecConfigurator\settings\actuators_attributes.json (Найден и загружен)
2023-09-05 16:57:49,128 INFO c.z.z.c.MainController [Thread-3] Файл C:\Users\ishevelev\IntelliJProjects\ZentecConfigurator\settings\sensors_attributes.json (Найден и загружен)
2023-09-05 16:57:49,177 INFO c.z.z.c.MainController [Thread-3] Файл C:\Users\ishevelev\IntelliJProjects\ZentecConfigurator\settings\schemes.json (Найден и загружен)
2023-09-05 16:57:49,190 INFO c.z.z.c.MainController [Thread-3] Файл C:\Users\ishevelev\IntelliJProjects\ZentecConfigurator\settings\z031_parameters.json (Найден и загружен)
2023-09-05 16:57:49,364 INFO c.z.z.Application [JavaFX Application Thread] Приложение запущено
2023-09-05 16:57:50,196 INFO c.z.z.c.HomePageController [JavaFX Application Thread] Открыть окно <Конфигуратор>
2023-09-05 16:57:51,748 INFO c.z.z.c.ConfiguratorController [JavaFX Application Thread] Открыть окно <Выбор схемы>
2023-09-05 16:57:51,750 INFO c.z.z.c.c.ChangeSchemeController [JavaFX Application Thread] Выбрана схема 0 / (V)E
2023-09-05 16:57:51,751 INFO c.z.z.c.c.ChangeSchemeController [Thread-4] Создание наполнения
2023-09-05 16:57:55,314 INFO c.z.z.c.c.ChangeSchemeController [Thread-5] Создание наполнения
2023-09-05 17:03:27,106 INFO c.z.z.Application [JavaFX Application Thread] Приложение запускается
2023-09-05 17:03:27,636 INFO c.z.z.c.MainController [JavaFX Application Thread] Открыть окно <Домашняя>
2023-09-05 17:03:27,990 INFO c.z.z.c.MainController [Thread-3] Файл C:\Users\ishevelev\IntelliJProjects\ZentecConfigurator\settings\main_parameters.json (Найден и загружен)
2023-09-05 17:03:27,995 INFO c.z.z.c.MainController [Thread-3] Файл C:\Users\ishevelev\IntelliJProjects\ZentecConfigurator\settings\alarms_list.json (Найден и загружен)
2023-09-05 17:03:28,024 INFO c.z.z.c.MainController [Thread-3] Файл C:\Users\ishevelev\IntelliJProjects\ZentecConfigurator\settings\actuators_attributes.json (Найден и загружен)
2023-09-05 17:03:28,057 INFO c.z.z.c.MainController [Thread-3] Файл C:\Users\ishevelev\IntelliJProjects\ZentecConfigurator\settings\sensors_attributes.json (Найден и загружен)
2023-09-05 17:03:28,101 INFO c.z.z.c.MainController [Thread-3] Файл C:\Users\ishevelev\IntelliJProjects\ZentecConfigurator\settings\schemes.json (Найден и загружен)
2023-09-05 17:03:28,140 INFO c.z.z.c.MainController [Thread-3] Файл C:\Users\ishevelev\IntelliJProjects\ZentecConfigurator\settings\z031_parameters.json (Найден и загружен)
2023-09-05 17:03:28,334 INFO c.z.z.Application [JavaFX Application Thread] Приложение запущено
2023-09-05 17:03:29,553 INFO c.z.z.c.HomePageController [JavaFX Application Thread] Открыть окно <Конфигуратор>
2023-09-05 17:03:30,669 INFO c.z.z.c.ConfiguratorController [JavaFX Application Thread] Открыть окно <Выбор схемы>
2023-09-05 17:03:30,671 INFO c.z.z.c.c.ChangeSchemeController [JavaFX Application Thread] Выбрана схема 0 / (V)E
2023-09-05 17:03:30,673 INFO c.z.z.c.c.ChangeSchemeController [Thread-4] Создание наполнения
2023-09-05 17:03:59,368 INFO c.z.z.Application [JavaFX Application Thread] Приложение запускается
2023-09-05 17:03:59,819 INFO c.z.z.c.MainController [JavaFX Application Thread] Открыть окно <Домашняя>
2023-09-05 17:04:00,203 INFO c.z.z.c.MainController [Thread-3] Файл C:\Users\ishevelev\IntelliJProjects\ZentecConfigurator\settings\main_parameters.json (Найден и загружен)
2023-09-05 17:04:00,206 INFO c.z.z.c.MainController [Thread-3] Файл C:\Users\ishevelev\IntelliJProjects\ZentecConfigurator\settings\alarms_list.json (Найден и загружен)
2023-09-05 17:04:00,224 INFO c.z.z.c.MainController [Thread-3] Файл C:\Users\ishevelev\IntelliJProjects\ZentecConfigurator\settings\actuators_attributes.json (Найден и загружен)
2023-09-05 17:04:00,246 INFO c.z.z.c.MainController [Thread-3] Файл C:\Users\ishevelev\IntelliJProjects\ZentecConfigurator\settings\sensors_attributes.json (Найден и загружен)
2023-09-05 17:04:00,401 INFO c.z.z.c.MainController [Thread-3] Файл C:\Users\ishevelev\IntelliJProjects\ZentecConfigurator\settings\schemes.json (Найден и загружен)
2023-09-05 17:04:00,453 INFO c.z.z.c.MainController [Thread-3] Файл C:\Users\ishevelev\IntelliJProjects\ZentecConfigurator\settings\z031_parameters.json (Найден и загружен)
2023-09-05 17:04:00,593 INFO c.z.z.Application [JavaFX Application Thread] Приложение запущено
2023-09-05 17:04:02,582 INFO c.z.z.c.HomePageController [JavaFX Application Thread] Открыть окно <Конфигуратор>
2023-09-05 17:04:05,172 INFO c.z.z.c.ConfiguratorController [JavaFX Application Thread] Открыть окно <Выбор схемы>
2023-09-05 17:04:05,173 INFO c.z.z.c.c.ChangeSchemeController [JavaFX Application Thread] Выбрана схема 0 / (V)E
2023-09-05 17:04:05,175 INFO c.z.z.c.c.ChangeSchemeController [Thread-4] Создание наполнения
2023-09-05 17:04:09,210 INFO c.z.z.c.c.ChangeSchemeController [Thread-5] Создание наполнения
2023-09-05 17:05:59,516 INFO c.z.z.Application [JavaFX Application Thread] Приложение запускается
2023-09-05 17:05:59,974 INFO c.z.z.c.MainController [JavaFX Application Thread] Открыть окно <Домашняя>
2023-09-05 17:06:00,316 INFO c.z.z.c.MainController [Thread-3] Файл C:\Users\ishevelev\IntelliJProjects\ZentecConfigurator\settings\main_parameters.json (Найден и загружен)
2023-09-05 17:06:00,320 INFO c.z.z.c.MainController [Thread-3] Файл C:\Users\ishevelev\IntelliJProjects\ZentecConfigurator\settings\alarms_list.json (Найден и загружен)
2023-09-05 17:06:00,350 INFO c.z.z.c.MainController [Thread-3] Файл C:\Users\ishevelev\IntelliJProjects\ZentecConfigurator\settings\actuators_attributes.json (Найден и загружен)
2023-09-05 17:06:00,359 INFO c.z.z.c.MainController [Thread-3] Файл C:\Users\ishevelev\IntelliJProjects\ZentecConfigurator\settings\sensors_attributes.json (Найден и загружен)
2023-09-05 17:06:00,412 INFO c.z.z.c.MainController [Thread-3] Файл C:\Users\ishevelev\IntelliJProjects\ZentecConfigurator\settings\schemes.json (Найден и загружен)
2023-09-05 17:06:00,422 INFO c.z.z.c.MainController [Thread-3] Файл C:\Users\ishevelev\IntelliJProjects\ZentecConfigurator\settings\z031_parameters.json (Найден и загружен)
2023-09-05 17:06:00,623 INFO c.z.z.Application [JavaFX Application Thread] Приложение запущено
2023-09-05 17:06:01,293 INFO c.z.z.c.HomePageController [JavaFX Application Thread] Открыть окно <Конфигуратор>
2023-09-05 17:06:02,654 INFO c.z.z.c.ConfiguratorController [JavaFX Application Thread] Открыть окно <Выбор схемы>
2023-09-05 17:06:02,656 INFO c.z.z.c.c.ChangeSchemeController [JavaFX Application Thread] Выбрана схема 0 / (V)E
2023-09-05 17:06:02,682 INFO c.z.z.c.c.ChangeSchemeController [Thread-4] Создание наполнения
2023-09-05 17:06:06,827 INFO c.z.z.c.c.ChangeSchemeController [Thread-5] Создание наполнения
2023-09-05 17:19:18,441 INFO c.z.z.Application [JavaFX Application Thread] Приложение запускается
2023-09-05 17:19:19,183 INFO c.z.z.c.MainController [JavaFX Application Thread] Открыть окно <Домашняя>
2023-09-05 17:19:19,673 INFO c.z.z.c.MainController [Thread-3] Файл C:\Users\ishevelev\IntelliJProjects\ZentecConfigurator\settings\main_parameters.json (Найден и загружен)
2023-09-05 17:19:19,682 INFO c.z.z.c.MainController [Thread-3] Файл C:\Users\ishevelev\IntelliJProjects\ZentecConfigurator\settings\alarms_list.json (Найден и загружен)
2023-09-05 17:19:19,730 INFO c.z.z.c.MainController [Thread-3] Файл C:\Users\ishevelev\IntelliJProjects\ZentecConfigurator\settings\actuators_attributes.json (Найден и загружен)
2023-09-05 17:19:19,756 INFO c.z.z.c.MainController [Thread-3] Файл C:\Users\ishevelev\IntelliJProjects\ZentecConfigurator\settings\sensors_attributes.json (Найден и загружен)
2023-09-05 17:19:19,910 INFO c.z.z.c.MainController [Thread-3] Файл C:\Users\ishevelev\IntelliJProjects\ZentecConfigurator\settings\schemes.json (Найден и загружен)
2023-09-05 17:19:19,975 INFO c.z.z.c.MainController [Thread-3] Файл C:\Users\ishevelev\IntelliJProjects\ZentecConfigurator\settings\z031_parameters.json (Найден и загружен)
2023-09-05 17:19:20,175 INFO c.z.z.Application [JavaFX Application Thread] Приложение запущено
2023-09-05 17:20:14,133 INFO c.z.z.c.HomePageController [JavaFX Application Thread] Открыть окно <Конфигуратор>
2023-09-05 17:20:16,142 INFO c.z.z.c.ConfiguratorController [JavaFX Application Thread] Открыть окно <Выбор схемы>
2023-09-05 17:20:16,143 INFO c.z.z.c.c.ChangeSchemeController [JavaFX Application Thread] Выбрана схема 0 / (V)E
2023-09-05 17:20:16,145 INFO c.z.z.c.c.ChangeSchemeController [Thread-4] Создание наполнения
2023-09-05 17:20:24,619 INFO c.z.z.c.c.ChangeSchemeController [Thread-5] Создание наполнения
2023-09-05 17:20:26,643 INFO c.z.z.Application [JavaFX Application Thread] Приложение закрыто
2023-09-05 17:20:39,806 INFO c.z.z.Application [JavaFX Application Thread] Приложение запускается
2023-09-05 17:20:40,365 INFO c.z.z.c.MainController [JavaFX Application Thread] Открыть окно <Домашняя>
2023-09-05 17:20:40,755 INFO c.z.z.c.MainController [Thread-3] Файл C:\Users\ishevelev\IntelliJProjects\ZentecConfigurator\settings\main_parameters.json (Найден и загружен)
2023-09-05 17:20:40,759 INFO c.z.z.c.MainController [Thread-3] Файл C:\Users\ishevelev\IntelliJProjects\ZentecConfigurator\settings\alarms_list.json (Найден и загружен)
2023-09-05 17:20:40,778 INFO c.z.z.c.MainController [Thread-3] Файл C:\Users\ishevelev\IntelliJProjects\ZentecConfigurator\settings\actuators_attributes.json (Найден и загружен)
2023-09-05 17:20:40,790 INFO c.z.z.c.MainController [Thread-3] Файл C:\Users\ishevelev\IntelliJProjects\ZentecConfigurator\settings\sensors_attributes.json (Найден и загружен)
2023-09-05 17:20:40,849 INFO c.z.z.c.MainController [Thread-3] Файл C:\Users\ishevelev\IntelliJProjects\ZentecConfigurator\settings\schemes.json (Найден и загружен)
2023-09-05 17:20:40,871 INFO c.z.z.c.MainController [Thread-3] Файл C:\Users\ishevelev\IntelliJProjects\ZentecConfigurator\settings\z031_parameters.json (Найден и загружен)
2023-09-05 17:20:41,050 INFO c.z.z.Application [JavaFX Application Thread] Приложение запущено
2023-09-05 17:20:41,866 INFO c.z.z.c.HomePageController [JavaFX Application Thread] Открыть окно <Конфигуратор>
2023-09-05 17:20:42,977 INFO c.z.z.c.ConfiguratorController [JavaFX Application Thread] Открыть окно <Выбор схемы>
2023-09-05 17:20:42,979 INFO c.z.z.c.c.ChangeSchemeController [JavaFX Application Thread] Выбрана схема 0 / (V)E
2023-09-05 17:20:43,008 INFO c.z.z.c.c.ChangeSchemeController [Thread-4] Создание наполнения
2023-09-05 17:20:44,473 INFO c.z.z.c.c.ChangeSchemeController [Thread-5] Создание наполнения
2023-09-05 17:21:44,043 INFO c.z.z.Application [JavaFX Application Thread] Приложение запускается
2023-09-05 17:21:44,485 INFO c.z.z.c.MainController [JavaFX Application Thread] Открыть окно <Домашняя>
2023-09-05 17:21:44,793 INFO c.z.z.c.MainController [Thread-3] Файл C:\Users\ishevelev\IntelliJProjects\ZentecConfigurator\settings\main_parameters.json (Найден и загружен)
2023-09-05 17:21:44,796 INFO c.z.z.c.MainController [Thread-3] Файл C:\Users\ishevelev\IntelliJProjects\ZentecConfigurator\settings\alarms_list.json (Найден и загружен)
2023-09-05 17:21:44,840 INFO c.z.z.c.MainController [Thread-3] Файл C:\Users\ishevelev\IntelliJProjects\ZentecConfigurator\settings\actuators_attributes.json (Найден и загружен)
2023-09-05 17:21:44,854 INFO c.z.z.c.MainController [Thread-3] Файл C:\Users\ishevelev\IntelliJProjects\ZentecConfigurator\settings\sensors_attributes.json (Найден и загружен)
2023-09-05 17:21:44,890 INFO c.z.z.c.MainController [Thread-3] Файл C:\Users\ishevelev\IntelliJProjects\ZentecConfigurator\settings\schemes.json (Найден и загружен)
2023-09-05 17:21:44,900 INFO c.z.z.c.MainController [Thread-3] Файл C:\Users\ishevelev\IntelliJProjects\ZentecConfigurator\settings\z031_parameters.json (Найден и загружен)
2023-09-05 17:21:45,092 INFO c.z.z.Application [JavaFX Application Thread] Приложение запущено
2023-09-05 17:21:45,659 INFO c.z.z.c.HomePageController [JavaFX Application Thread] Открыть окно <Конфигуратор>
2023-09-05 17:21:46,704 INFO c.z.z.c.ConfiguratorController [JavaFX Application Thread] Открыть окно <Выбор схемы>
2023-09-05 17:21:46,706 INFO c.z.z.c.c.ChangeSchemeController [JavaFX Application Thread] Выбрана схема 0 / (V)E
2023-09-05 17:21:46,707 INFO c.z.z.c.c.ChangeSchemeController [Thread-4] Создание наполнения
2023-09-05 17:21:50,790 INFO c.z.z.Application [JavaFX Application Thread] Приложение закрыто
2023-09-05 17:24:23,566 INFO c.z.z.Application [JavaFX Application Thread] Приложение запускается
2023-09-05 17:24:24,078 INFO c.z.z.c.MainController [JavaFX Application Thread] Открыть окно <Домашняя>
2023-09-05 17:24:24,569 INFO c.z.z.c.MainController [Thread-3] Файл C:\Users\ishevelev\IntelliJProjects\ZentecConfigurator\settings\main_parameters.json (Найден и загружен)
2023-09-05 17:24:24,574 INFO c.z.z.c.MainController [Thread-3] Файл C:\Users\ishevelev\IntelliJProjects\ZentecConfigurator\settings\alarms_list.json (Найден и загружен)
2023-09-05 17:24:24,588 INFO c.z.z.c.MainController [Thread-3] Файл C:\Users\ishevelev\IntelliJProjects\ZentecConfigurator\settings\actuators_attributes.json (Найден и загружен)
2023-09-05 17:24:24,599 INFO c.z.z.c.MainController [Thread-3] Файл C:\Users\ishevelev\IntelliJProjects\ZentecConfigurator\settings\sensors_attributes.json (Найден и загружен)
2023-09-05 17:24:24,635 INFO c.z.z.c.MainController [Thread-3] Файл C:\Users\ishevelev\IntelliJProjects\ZentecConfigurator\settings\schemes.json (Найден и загружен)
2023-09-05 17:24:24,673 INFO c.z.z.c.MainController [Thread-3] Файл C:\Users\ishevelev\IntelliJProjects\ZentecConfigurator\settings\z031_parameters.json (Найден и загружен)
2023-09-05 17:24:25,005 INFO c.z.z.Application [JavaFX Application Thread] Приложение запущено
2023-09-05 17:24:26,571 INFO c.z.z.c.HomePageController [JavaFX Application Thread] Открыть окно <Конфигуратор>
2023-09-05 17:24:37,052 INFO c.z.z.Application [JavaFX Application Thread] Приложение закрыто
