2023-08-31 18:34:53,981 INFO c.z.z.c.MainController [JavaFX Application Thread] MainParameters
2023-08-31 18:37:15,256 INFO c.z.z.c.MainController [JavaFX Application Thread] MainParameters
2023-08-31 18:39:03,682 INFO c.z.z.c.MainController [JavaFX Application Thread] MainParameters
2023-08-31 18:40:37,924 ERROR c.z.z.c.MainController [JavaFX Application Thread] C:\Users\spamk\IdeaProjects\ZentecConfiguratormain_parameters.json (Не удается найти указанный файл)
2023-08-31 18:41:09,746 ERROR c.z.z.c.MainController [JavaFX Application Thread] C:\main_parameters.json (Не удается найти указанный файл)
2023-08-31 18:41:52,793 ERROR c.z.z.c.MainController [JavaFX Application Thread] C:\Users\spamk\IdeaProjects\ZentecConfigurator\.main_parameters.json (Не удается найти указанный файл)
2023-08-31 18:42:08,138 ERROR c.z.z.c.MainController [JavaFX Application Thread] C:\Users\spamk\IdeaProjects\ZentecConfiguratormain_parameters.json (Не удается найти указанный файл)
2023-08-31 18:42:23,157 INFO c.z.z.c.MainController [JavaFX Application Thread] MainParameters
2023-08-31 18:43:39,097 ERROR c.z.z.c.MainController [JavaFX Application Thread] C:\Users\spamk\IdeaProjects\ZentecConfigurator\main_parameters1.json (Не удается найти указанный файл)
2023-08-31 18:46:02,421 ERROR c.z.z.c.MainController [Thread-3] C:\Users\spamk\IdeaProjects\ZentecConfigurator\main_parameters1.json (Не удается найти указанный файл)
2023-08-31 18:46:27,600 ERROR c.z.z.c.MainController [Thread-3] C:\Users\spamk\IdeaProjects\ZentecConfigurator\main_parameters1.json (Не удается найти указанный файл)
2023-08-31 18:46:44,648 ERROR c.z.z.c.MainController [Thread-3] C:\Users\spamk\IdeaProjects\ZentecConfigurator\main_parameters1.json (Не удается найти указанный файл)
2023-08-31 18:48:02,020 ERROR c.z.z.c.MainController [Thread-3] C:\Users\spamk\IdeaProjects\ZentecConfigurator\main_parameters1.json (Не удается найти указанный файл)
2023-08-31 18:49:29,191 ERROR c.z.z.c.MainController [Thread-3] C:\Users\spamk\IdeaProjects\ZentecConfigurator\main_parameters1.json (Не удается найти указанный файл)
2023-08-31 18:50:05,519 ERROR c.z.z.c.MainController [Thread-3] C:\Users\spamk\IdeaProjects\ZentecConfigurator\main_parameters1.json (Не удается найти указанный файл)
2023-08-31 18:50:47,951 ERROR c.z.z.c.MainController [Thread-3] C:\Users\spamk\IdeaProjects\ZentecConfigurator\main_parameters1.json (Не удается найти указанный файл)
2023-08-31 19:02:28,054 ERROR c.z.z.c.MainController [Thread-3] C:\Users\spamk\IdeaProjects\ZentecConfigurator\main_parameters1.json (Не удается найти указанный файл)
2023-08-31 19:03:30,636 ERROR c.z.z.c.MainController [Thread-3] C:\Users\spamk\IdeaProjects\ZentecConfigurator\main_parameters1.json (Не удается найти указанный файл)
2023-08-31 19:05:46,610 ERROR c.z.z.c.MainController [Thread-3] C:\Users\spamk\IdeaProjects\ZentecConfigurator\main_parameters1.json (Не удается найти указанный файл)
2023-08-31 19:06:30,735 ERROR c.z.z.c.MainController [Thread-3] C:\Users\spamk\IdeaProjects\ZentecConfigurator\main_parameters1.json (Не удается найти указанный файл)
2023-08-31 19:07:30,024 ERROR c.z.z.c.MainController [Thread-3] C:\Users\spamk\IdeaProjects\ZentecConfigurator\main_parameters1.json (Не удается найти указанный файл)
